# JRE version: OpenJDK Runtime Environment GraalVM CE 22.3.0 (17.0.5+8) (build 17.0.5+8-jvmci-22.3-b08)
# Java VM: OpenJDK 64-Bit Server VM GraalVM CE 22.3.0 (17.0.5+8-jvmci-22.3-b08, mixed mode, sharing, tiered, jvmci, jvmci compiler, compressed oops, compressed class ptrs, parallel gc, linux-amd64)
GC Precious Log:
 CPUs: 8 total, 1 available
 Memory: 1024M
 Large Page Support: Disabled
 NUMA Support: Disabled
 Compressed Oops: Enabled (32-bit)
 Alignments: Space 512K, Generation 512K, Heap 2M
 Heap Min Capacity: 100M
 Heap Initial Capacity: 100M
 Heap Max Capacity: 512M
 Pre-touch: Disabled
 Parallel Workers: 1
Heap:
 PSYoungGen      total 58880K, used 39936K [0x00000000f5580000, 0x00000000fa780000, 0x0000000100000000)
  eden space 39936K, 100% used [0x00000000f5580000,0x00000000f7c80000,0x00000000f7c80000)
  from space 18944K, 0% used [0x00000000f9500000,0x00000000f9500000,0x00000000fa780000)
  to   space 14848K, 0% used [0x00000000f7c80000,0x00000000f7c80000,0x00000000f8b00000)
 ParOldGen       total 349696K, used 349695K [0x00000000e0000000, 0x00000000f5580000, 0x00000000f5580000)
  object space 349696K, 99% used [0x00000000e0000000,0x00000000f557ff90,0x00000000f5580000)
 Metaspace       used 57904K, committed 59008K, reserved 1105920K
  class space    used 5651K, committed 6080K, reserved 1048576K
GC Heap History (20 events):
Event: 732.670 GC heap before
{Heap before GC invocations=545 (full 444):
 PSYoungGen      total 58880K, used 39935K [0x00000000f5580000, 0x00000000fa780000, 0x0000000100000000)
  eden space 39936K, 99% used [0x00000000f5580000,0x00000000f7c7fff0,0x00000000f7c80000)
  from space 18944K, 0% used [0x00000000f9500000,0x00000000f9500000,0x00000000fa780000)
  to   space 14848K, 0% used [0x00000000f7c80000,0x00000000f7c80000,0x00000000f8b00000)
 ParOldGen       total 349696K, used 349696K [0x00000000e0000000, 0x00000000f5580000, 0x00000000f5580000)
  object space 349696K, 100% used [0x00000000e0000000,0x00000000f5580000,0x00000000f5580000)
 Metaspace       used 57904K, committed 59008K, reserved 1105920K
  class space    used 5651K, committed 6080K, reserved 1048576K
}
Event: 734.268 GC heap after
{Heap after GC invocations=545 (full 444):
 PSYoungGen      total 54784K, used 39935K [0x00000000f5580000, 0x00000000fa780000, 0x0000000100000000)
  eden space 39936K, 99% used [0x00000000f5580000,0x00000000f7c7fff0,0x00000000f7c80000)
  from space 14848K, 0% used [0x00000000f7c80000,0x00000000f7c80000,0x00000000f8b00000)
  to   space 18944K, 0% used [0x00000000f9500000,0x00000000f9500000,0x00000000fa780000)
 ParOldGen       total 349696K, used 349695K [0x00000000e0000000, 0x00000000f5580000, 0x00000000f5580000)
  object space 349696K, 99% used [0x00000000e0000000,0x00000000f557fd30,0x00000000f5580000)
 Metaspace       used 57904K, committed 59008K, reserved 1105920K
  class space    used 5651K, committed 6080K, reserved 1048576K
}
Event: 734.268 GC heap before
{Heap before GC invocations=546 (full 445):
 PSYoungGen      total 54784K, used 39936K [0x00000000f5580000, 0x00000000fa780000, 0x0000000100000000)
  eden space 39936K, 100% used [0x00000000f5580000,0x00000000f7c80000,0x00000000f7c80000)
  from space 14848K, 0% used [0x00000000f7c80000,0x00000000f7c80000,0x00000000f8b00000)
  to   space 18944K, 0% used [0x00000000f9500000,0x00000000f9500000,0x00000000fa780000)
 ParOldGen       total 349696K, used 349695K [0x00000000e0000000, 0x00000000f5580000, 0x00000000f5580000)
  object space 349696K, 99% used [0x00000000e0000000,0x00000000f557fff8,0x00000000f5580000)
 Metaspace       used 57904K, committed 59008K, reserved 1105920K
  class space    used 5651K, committed 6080K, reserved 1048576K
}
Event: 735.536 GC heap after
{Heap after GC invocations=546 (full 445):
 PSYoungGen      total 58880K, used 39935K [0x00000000f5580000, 0x00000000fa780000, 0x0000000100000000)
  eden space 39936K, 99% used [0x00000000f5580000,0x00000000f7c7fff0,0x00000000f7c80000)
  from space 18944K, 0% used [0x00000000f9500000,0x00000000f9500000,0x00000000fa780000)
  to   space 14848K, 0% used [0x00000000f7c80000,0x00000000f7c80000,0x00000000f8b00000)
 ParOldGen       total 349696K, used 349695K [0x00000000e0000000, 0x00000000f5580000, 0x00000000f5580000)
  object space 349696K, 99% used [0x00000000e0000000,0x00000000f557fdf0,0x00000000f5580000)
 Metaspace       used 57904K, committed 59008K, reserved 1105920K
  class space    used 5651K, committed 6080K, reserved 1048576K
}
Event: 735.541 GC heap before
{Heap before GC invocations=547 (full 446):
 PSYoungGen      total 58880K, used 39936K [0x00000000f5580000, 0x00000000fa780000, 0x0000000100000000)
  eden space 39936K, 100% used [0x00000000f5580000,0x00000000f7c80000,0x00000000f7c80000)
  from space 18944K, 0% used [0x00000000f9500000,0x00000000f9500000,0x00000000fa780000)
  to   space 14848K, 0% used [0x00000000f7c80000,0x00000000f7c80000,0x00000000f8b00000)
 ParOldGen       total 349696K, used 349695K [0x00000000e0000000, 0x00000000f5580000, 0x00000000f5580000)
  object space 349696K, 99% used [0x00000000e0000000,0x00000000f557fdf0,0x00000000f5580000)
 Metaspace       used 57904K, committed 59008K, reserved 1105920K
  class space    used 5651K, committed 6080K, reserved 1048576K
}
Event: 736.868 GC heap after
{Heap after GC invocations=547 (full 446):
 PSYoungGen      total 54784K, used 39935K [0x00000000f5580000, 0x00000000fa780000, 0x0000000100000000)
  eden space 39936K, 99% used [0x00000000f5580000,0x00000000f7c7fff0,0x00000000f7c80000)
  from space 14848K, 0% used [0x00000000f7c80000,0x00000000f7c80000,0x00000000f8b00000)
  to   space 18944K, 0% used [0x00000000f9500000,0x00000000f9500000,0x00000000fa780000)
 ParOldGen       total 349696K, used 349695K [0x00000000e0000000, 0x00000000f5580000, 0x00000000f5580000)
  object space 349696K, 99% used [0x00000000e0000000,0x00000000f557fdf0,0x00000000f5580000)
 Metaspace       used 57904K, committed 59008K, reserved 1105920K
  class space    used 5651K, committed 6080K, reserved 1048576K
}
Event: 736.868 GC heap before
{Heap before GC invocations=548 (full 447):
 PSYoungGen      total 54784K, used 39936K [0x00000000f5580000, 0x00000000fa780000, 0x0000000100000000)
  eden space 39936K, 100% used [0x00000000f5580000,0x00000000f7c80000,0x00000000f7c80000)
  from space 14848K, 0% used [0x00000000f7c80000,0x00000000f7c80000,0x00000000f8b00000)
  to   space 18944K, 0% used [0x00000000f9500000,0x00000000f9500000,0x00000000fa780000)
 ParOldGen       total 349696K, used 349695K [0x00000000e0000000, 0x00000000f5580000, 0x00000000f5580000)
  object space 349696K, 99% used [0x00000000e0000000,0x00000000f557fdf0,0x00000000f5580000)
 Metaspace       used 57904K, committed 59008K, reserved 1105920K
  class space    used 5651K, committed 6080K, reserved 1048576K
}
Event: 738.281 GC heap after
{Heap after GC invocations=548 (full 447):
 PSYoungGen      total 58880K, used 39935K [0x00000000f5580000, 0x00000000fa780000, 0x0000000100000000)
  eden space 39936K, 99% used [0x00000000f5580000,0x00000000f7c7fff0,0x00000000f7c80000)
  from space 18944K, 0% used [0x00000000f9500000,0x00000000f9500000,0x00000000fa780000)
  to   space 14848K, 0% used [0x00000000f7c80000,0x00000000f7c80000,0x00000000f8b00000)
 ParOldGen       total 349696K, used 349695K [0x00000000e0000000, 0x00000000f5580000, 0x00000000f5580000)
  object space 349696K, 99% used [0x00000000e0000000,0x00000000f557fdf0,0x00000000f5580000)
 Metaspace       used 57904K, committed 59008K, reserved 1105920K
  class space    used 5651K, committed 6080K, reserved 1048576K
}
Event: 738.282 GC heap before
{Heap before GC invocations=549 (full 448):
 PSYoungGen      total 58880K, used 39936K [0x00000000f5580000, 0x00000000fa780000, 0x0000000100000000)
  eden space 39936K, 100% used [0x00000000f5580000,0x00000000f7c80000,0x00000000f7c80000)
  from space 18944K, 0% used [0x00000000f9500000,0x00000000f9500000,0x00000000fa780000)
  to   space 14848K, 0% used [0x00000000f7c80000,0x00000000f7c80000,0x00000000f8b00000)
 ParOldGen       total 349696K, used 349695K [0x00000000e0000000, 0x00000000f5580000, 0x00000000f5580000)
  object space 349696K, 99% used [0x00000000e0000000,0x00000000f557fdf0,0x00000000f5580000)
 Metaspace       used 57904K, committed 59008K, reserved 1105920K
  class space    used 5651K, committed 6080K, reserved 1048576K
}
Event: 739.581 GC heap after
{Heap after GC invocations=549 (full 448):
 PSYoungGen      total 54784K, used 39935K [0x00000000f5580000, 0x00000000fa780000, 0x0000000100000000)
  eden space 39936K, 99% used [0x00000000f5580000,0x00000000f7c7fff0,0x00000000f7c80000)
  from space 14848K, 0% used [0x00000000f7c80000,0x00000000f7c80000,0x00000000f8b00000)
  to   space 18944K, 0% used [0x00000000f9500000,0x00000000f9500000,0x00000000fa780000)
 ParOldGen       total 349696K, used 349695K [0x00000000e0000000, 0x00000000f5580000, 0x00000000f5580000)
  object space 349696K, 99% used [0x00000000e0000000,0x00000000f557fdf0,0x00000000f5580000)
 Metaspace       used 57904K, committed 59008K, reserved 1105920K
  class space    used 5651K, committed 6080K, reserved 1048576K
}
Event: 739.581 GC heap before
{Heap before GC invocations=550 (full 449):
 PSYoungGen      total 54784K, used 39936K [0x00000000f5580000, 0x00000000fa780000, 0x0000000100000000)
  eden space 39936K, 100% used [0x00000000f5580000,0x00000000f7c80000,0x00000000f7c80000)
  from space 14848K, 0% used [0x00000000f7c80000,0x00000000f7c80000,0x00000000f8b00000)
  to   space 18944K, 0% used [0x00000000f9500000,0x00000000f9500000,0x00000000fa780000)
 ParOldGen       total 349696K, used 349695K [0x00000000e0000000, 0x00000000f5580000, 0x00000000f5580000)
  object space 349696K, 99% used [0x00000000e0000000,0x00000000f557fdf0,0x00000000f5580000)
 Metaspace       used 57904K, committed 59008K, reserved 1105920K
  class space    used 5651K, committed 6080K, reserved 1048576K
}
Event: 740.779 GC heap after
{Heap after GC invocations=550 (full 449):
 PSYoungGen      total 58880K, used 39936K [0x00000000f5580000, 0x00000000fa780000, 0x0000000100000000)
  eden space 39936K, 100% used [0x00000000f5580000,0x00000000f7c80000,0x00000000f7c80000)
  from space 18944K, 0% used [0x00000000f9500000,0x00000000f9500000,0x00000000fa780000)
  to   space 14848K, 0% used [0x00000000f7c80000,0x00000000f7c80000,0x00000000f8b00000)
 ParOldGen       total 349696K, used 349695K [0x00000000e0000000, 0x00000000f5580000, 0x00000000f5580000)
  object space 349696K, 99% used [0x00000000e0000000,0x00000000f557fdf0,0x00000000f5580000)
 Metaspace       used 57904K, committed 59008K, reserved 1105920K
  class space    used 5651K, committed 6080K, reserved 1048576K
}
Event: 740.779 GC heap before
{Heap before GC invocations=551 (full 450):
 PSYoungGen      total 58880K, used 39936K [0x00000000f5580000, 0x00000000fa780000, 0x0000000100000000)
  eden space 39936K, 100% used [0x00000000f5580000,0x00000000f7c80000,0x00000000f7c80000)
  from space 18944K, 0% used [0x00000000f9500000,0x00000000f9500000,0x00000000fa780000)
  to   space 14848K, 0% used [0x00000000f7c80000,0x00000000f7c80000,0x00000000f8b00000)
 ParOldGen       total 349696K, used 349695K [0x00000000e0000000, 0x00000000f5580000, 0x00000000f5580000)
  object space 349696K, 99% used [0x00000000e0000000,0x00000000f557fea8,0x00000000f5580000)
 Metaspace       used 57904K, committed 59008K, reserved 1105920K
  class space    used 5651K, committed 6080K, reserved 1048576K
}
Event: 742.082 GC heap after
{Heap after GC invocations=551 (full 450):
 PSYoungGen      total 54784K, used 39936K [0x00000000f5580000, 0x00000000fa780000, 0x0000000100000000)
  eden space 39936K, 100% used [0x00000000f5580000,0x00000000f7c80000,0x00000000f7c80000)
  from space 14848K, 0% used [0x00000000f7c80000,0x00000000f7c80000,0x00000000f8b00000)
  to   space 18944K, 0% used [0x00000000f9500000,0x00000000f9500000,0x00000000fa780000)
 ParOldGen       total 349696K, used 349695K [0x00000000e0000000, 0x00000000f5580000, 0x00000000f5580000)
  object space 349696K, 99% used [0x00000000e0000000,0x00000000f557fe28,0x00000000f5580000)
 Metaspace       used 57904K, committed 59008K, reserved 1105920K
  class space    used 5651K, committed 6080K, reserved 1048576K
}
Event: 742.082 GC heap before
{Heap before GC invocations=552 (full 451):
 PSYoungGen      total 54784K, used 39936K [0x00000000f5580000, 0x00000000fa780000, 0x0000000100000000)
  eden space 39936K, 100% used [0x00000000f5580000,0x00000000f7c80000,0x00000000f7c80000)
  from space 14848K, 0% used [0x00000000f7c80000,0x00000000f7c80000,0x00000000f8b00000)
  to   space 18944K, 0% used [0x00000000f9500000,0x00000000f9500000,0x00000000fa780000)
 ParOldGen       total 349696K, used 349695K [0x00000000e0000000, 0x00000000f5580000, 0x00000000f5580000)
  object space 349696K, 99% used [0x00000000e0000000,0x00000000f557fe28,0x00000000f5580000)
 Metaspace       used 57904K, committed 59008K, reserved 1105920K
  class space    used 5651K, committed 6080K, reserved 1048576K
}
Event: 743.465 GC heap after
{Heap after GC invocations=552 (full 451):
 PSYoungGen      total 58880K, used 39936K [0x00000000f5580000, 0x00000000fa780000, 0x0000000100000000)
  eden space 39936K, 100% used [0x00000000f5580000,0x00000000f7c80000,0x00000000f7c80000)
  from space 18944K, 0% used [0x00000000f9500000,0x00000000f9500000,0x00000000fa780000)
  to   space 14848K, 0% used [0x00000000f7c80000,0x00000000f7c80000,0x00000000f8b00000)
 ParOldGen       total 349696K, used 349695K [0x00000000e0000000, 0x00000000f5580000, 0x00000000f5580000)
  object space 349696K, 99% used [0x00000000e0000000,0x00000000f557fe28,0x00000000f5580000)
 Metaspace       used 57904K, committed 59008K, reserved 1105920K
  class space    used 5651K, committed 6080K, reserved 1048576K
}
Event: 743.465 GC heap before
{Heap before GC invocations=553 (full 452):
 PSYoungGen      total 58880K, used 39936K [0x00000000f5580000, 0x00000000fa780000, 0x0000000100000000)
  eden space 39936K, 100% used [0x00000000f5580000,0x00000000f7c80000,0x00000000f7c80000)
  from space 18944K, 0% used [0x00000000f9500000,0x00000000f9500000,0x00000000fa780000)
  to   space 14848K, 0% used [0x00000000f7c80000,0x00000000f7c80000,0x00000000f8b00000)
 ParOldGen       total 349696K, used 349695K [0x00000000e0000000, 0x00000000f5580000, 0x00000000f5580000)
  object space 349696K, 99% used [0x00000000e0000000,0x00000000f557ff28,0x00000000f5580000)
 Metaspace       used 57904K, committed 59008K, reserved 1105920K
  class space    used 5651K, committed 6080K, reserved 1048576K
}
Event: 744.849 GC heap after
{Heap after GC invocations=553 (full 452):
 PSYoungGen      total 54784K, used 39936K [0x00000000f5580000, 0x00000000fa780000, 0x0000000100000000)
  eden space 39936K, 100% used [0x00000000f5580000,0x00000000f7c80000,0x00000000f7c80000)
  from space 14848K, 0% used [0x00000000f7c80000,0x00000000f7c80000,0x00000000f8b00000)
  to   space 18944K, 0% used [0x00000000f9500000,0x00000000f9500000,0x00000000fa780000)
 ParOldGen       total 349696K, used 349695K [0x00000000e0000000, 0x00000000f5580000, 0x00000000f5580000)
  object space 349696K, 99% used [0x00000000e0000000,0x00000000f557fde8,0x00000000f5580000)
 Metaspace       used 57904K, committed 59008K, reserved 1105920K
  class space    used 5651K, committed 6080K, reserved 1048576K
}
Event: 744.849 GC heap before
{Heap before GC invocations=554 (full 453):
 PSYoungGen      total 54784K, used 39936K [0x00000000f5580000, 0x00000000fa780000, 0x0000000100000000)
  eden space 39936K, 100% used [0x00000000f5580000,0x00000000f7c80000,0x00000000f7c80000)
  from space 14848K, 0% used [0x00000000f7c80000,0x00000000f7c80000,0x00000000f8b00000)
  to   space 18944K, 0% used [0x00000000f9500000,0x00000000f9500000,0x00000000fa780000)
 ParOldGen       total 349696K, used 349695K [0x00000000e0000000, 0x00000000f5580000, 0x00000000f5580000)
  object space 349696K, 99% used [0x00000000e0000000,0x00000000f557fde8,0x00000000f5580000)
 Metaspace       used 57904K, committed 59008K, reserved 1105920K
  class space    used 5651K, committed 6080K, reserved 1048576K
}
Event: 746.236 GC heap after
{Heap after GC invocations=554 (full 453):
 PSYoungGen      total 58880K, used 39936K [0x00000000f5580000, 0x00000000fa780000, 0x0000000100000000)
  eden space 39936K, 100% used [0x00000000f5580000,0x00000000f7c80000,0x00000000f7c80000)
  from space 18944K, 0% used [0x00000000f9500000,0x00000000f9500000,0x00000000fa780000)
  to   space 14848K, 0% used [0x00000000f7c80000,0x00000000f7c80000,0x00000000f8b00000)
 ParOldGen       total 349696K, used 349695K [0x00000000e0000000, 0x00000000f5580000, 0x00000000f5580000)
  object space 349696K, 99% used [0x00000000e0000000,0x00000000f557fde8,0x00000000f5580000)
 Metaspace       used 57904K, committed 59008K, reserved 1105920K
  class space    used 5651K, committed 6080K, reserved 1048576K
}

