# JRE version: OpenJDK Runtime Environment GraalVM CE 22.3.0 (17.0.5+8) (build 17.0.5+8-jvmci-22.3-b08)
# Java VM: OpenJDK 64-Bit Server VM GraalVM CE 22.3.0 (17.0.5+8-jvmci-22.3-b08, mixed mode, sharing, tiered, jvmci, jvmci compiler, compressed oops, compressed class ptrs, parallel gc, linux-amd64)
GC Precious Log:
 CPUs: 8 total, 1 available
 Memory: 1024M
 Large Page Support: Disabled
 NUMA Support: Disabled
 Compressed Oops: Enabled (32-bit)
 Alignments: Space 512K, Generation 512K, Heap 2M
 Heap Min Capacity: 100M
 Heap Initial Capacity: 100M
 Heap Max Capacity: 512M
 Pre-touch: Disabled
 Parallel Workers: 1
Heap:
 PSYoungGen      total 56832K, used 39935K [0x00000000f5580000, 0x00000000f9e80000, 0x0000000100000000)
  eden space 39936K, 99% used [0x00000000f5580000,0x00000000f7c7fff8,0x00000000f7c80000)
  from space 16896K, 0% used [0x00000000f7c80000,0x00000000f7c80000,0x00000000f8d00000)
  to   space 14336K, 0% used [0x00000000f8e00000,0x00000000f8e00000,0x00000000f9c00000)
 ParOldGen       total 349696K, used 349695K [0x00000000e0000000, 0x00000000f5580000, 0x00000000f5580000)
  object space 349696K, 99% used [0x00000000e0000000,0x00000000f557fff0,0x00000000f5580000)
 Metaspace       used 60390K, committed 61632K, reserved 1105920K
  class space    used 5942K, committed 6464K, reserved 1048576K
GC Heap History (20 events):
Event: 308.193 GC heap before
{Heap before GC invocations=203 (full 128):
 PSYoungGen      total 56832K, used 39935K [0x00000000f5580000, 0x00000000f9e80000, 0x0000000100000000)
  eden space 39936K, 99% used [0x00000000f5580000,0x00000000f7c7fff0,0x00000000f7c80000)
  from space 16896K, 0% used [0x00000000f7c80000,0x00000000f7c80000,0x00000000f8d00000)
  to   space 14336K, 0% used [0x00000000f8e00000,0x00000000f8e00000,0x00000000f9c00000)
 ParOldGen       total 349696K, used 349694K [0x00000000e0000000, 0x00000000f5580000, 0x00000000f5580000)
  object space 349696K, 99% used [0x00000000e0000000,0x00000000f557f970,0x00000000f5580000)
 Metaspace       used 60389K, committed 61632K, reserved 1105920K
  class space    used 5942K, committed 6464K, reserved 1048576K
}
Event: 310.203 GC heap after
{Heap after GC invocations=203 (full 128):
 PSYoungGen      total 54272K, used 39935K [0x00000000f5580000, 0x00000000f9e80000, 0x0000000100000000)
  eden space 39936K, 99% used [0x00000000f5580000,0x00000000f7c7ff60,0x00000000f7c80000)
  from space 14336K, 0% used [0x00000000f8e00000,0x00000000f8e00000,0x00000000f9c00000)
  to   space 16896K, 0% used [0x00000000f7c80000,0x00000000f7c80000,0x00000000f8d00000)
 ParOldGen       total 349696K, used 349694K [0x00000000e0000000, 0x00000000f5580000, 0x00000000f5580000)
  object space 349696K, 99% used [0x00000000e0000000,0x00000000f557f928,0x00000000f5580000)
 Metaspace       used 60389K, committed 61632K, reserved 1105920K
  class space    used 5942K, committed 6464K, reserved 1048576K
}
Event: 310.206 GC heap before
{Heap before GC invocations=204 (full 129):
 PSYoungGen      total 54272K, used 39935K [0x00000000f5580000, 0x00000000f9e80000, 0x0000000100000000)
  eden space 39936K, 99% used [0x00000000f5580000,0x00000000f7c7fff8,0x00000000f7c80000)
  from space 14336K, 0% used [0x00000000f8e00000,0x00000000f8e00000,0x00000000f9c00000)
  to   space 16896K, 0% used [0x00000000f7c80000,0x00000000f7c80000,0x00000000f8d00000)
 ParOldGen       total 349696K, used 349694K [0x00000000e0000000, 0x00000000f5580000, 0x00000000f5580000)
  object space 349696K, 99% used [0x00000000e0000000,0x00000000f557f928,0x00000000f5580000)
 Metaspace       used 60389K, committed 61632K, reserved 1105920K
  class space    used 5942K, committed 6464K, reserved 1048576K
}
Event: 311.882 GC heap after
{Heap after GC invocations=204 (full 129):
 PSYoungGen      total 56832K, used 39935K [0x00000000f5580000, 0x00000000f9e80000, 0x0000000100000000)
  eden space 39936K, 99% used [0x00000000f5580000,0x00000000f7c7ffc0,0x00000000f7c80000)
  from space 16896K, 0% used [0x00000000f7c80000,0x00000000f7c80000,0x00000000f8d00000)
  to   space 14336K, 0% used [0x00000000f8e00000,0x00000000f8e00000,0x00000000f9c00000)
 ParOldGen       total 349696K, used 349694K [0x00000000e0000000, 0x00000000f5580000, 0x00000000f5580000)
  object space 349696K, 99% used [0x00000000e0000000,0x00000000f557f928,0x00000000f5580000)
 Metaspace       used 60389K, committed 61632K, reserved 1105920K
  class space    used 5942K, committed 6464K, reserved 1048576K
}
Event: 311.885 GC heap before
{Heap before GC invocations=205 (full 130):
 PSYoungGen      total 56832K, used 39935K [0x00000000f5580000, 0x00000000f9e80000, 0x0000000100000000)
  eden space 39936K, 99% used [0x00000000f5580000,0x00000000f7c7fff0,0x00000000f7c80000)
  from space 16896K, 0% used [0x00000000f7c80000,0x00000000f7c80000,0x00000000f8d00000)
  to   space 14336K, 0% used [0x00000000f8e00000,0x00000000f8e00000,0x00000000f9c00000)
 ParOldGen       total 349696K, used 349694K [0x00000000e0000000, 0x00000000f5580000, 0x00000000f5580000)
  object space 349696K, 99% used [0x00000000e0000000,0x00000000f557f928,0x00000000f5580000)
 Metaspace       used 60389K, committed 61632K, reserved 1105920K
  class space    used 5942K, committed 6464K, reserved 1048576K
}
Event: 313.975 GC heap after
{Heap after GC invocations=205 (full 130):
 PSYoungGen      total 54272K, used 39935K [0x00000000f5580000, 0x00000000f9e80000, 0x0000000100000000)
  eden space 39936K, 99% used [0x00000000f5580000,0x00000000f7c7ffd8,0x00000000f7c80000)
  from space 14336K, 0% used [0x00000000f8e00000,0x00000000f8e00000,0x00000000f9c00000)
  to   space 16896K, 0% used [0x00000000f7c80000,0x00000000f7c80000,0x00000000f8d00000)
 ParOldGen       total 349696K, used 349694K [0x00000000e0000000, 0x00000000f5580000, 0x00000000f5580000)
  object space 349696K, 99% used [0x00000000e0000000,0x00000000f557f928,0x00000000f5580000)
 Metaspace       used 60389K, committed 61632K, reserved 1105920K
  class space    used 5942K, committed 6464K, reserved 1048576K
}
Event: 313.977 GC heap before
{Heap before GC invocations=206 (full 131):
 PSYoungGen      total 54272K, used 39935K [0x00000000f5580000, 0x00000000f9e80000, 0x0000000100000000)
  eden space 39936K, 99% used [0x00000000f5580000,0x00000000f7c7fff0,0x00000000f7c80000)
  from space 14336K, 0% used [0x00000000f8e00000,0x00000000f8e00000,0x00000000f9c00000)
  to   space 16896K, 0% used [0x00000000f7c80000,0x00000000f7c80000,0x00000000f8d00000)
 ParOldGen       total 349696K, used 349694K [0x00000000e0000000, 0x00000000f5580000, 0x00000000f5580000)
  object space 349696K, 99% used [0x00000000e0000000,0x00000000f557f928,0x00000000f5580000)
 Metaspace       used 60389K, committed 61632K, reserved 1105920K
  class space    used 5942K, committed 6464K, reserved 1048576K
}
Event: 316.897 GC heap after
{Heap after GC invocations=206 (full 131):
 PSYoungGen      total 56832K, used 39935K [0x00000000f5580000, 0x00000000f9e80000, 0x0000000100000000)
  eden space 39936K, 99% used [0x00000000f5580000,0x00000000f7c7fff0,0x00000000f7c80000)
  from space 16896K, 0% used [0x00000000f7c80000,0x00000000f7c80000,0x00000000f8d00000)
  to   space 14336K, 0% used [0x00000000f8e00000,0x00000000f8e00000,0x00000000f9c00000)
 ParOldGen       total 349696K, used 349694K [0x00000000e0000000, 0x00000000f5580000, 0x00000000f5580000)
  object space 349696K, 99% used [0x00000000e0000000,0x00000000f557f928,0x00000000f5580000)
 Metaspace       used 60389K, committed 61632K, reserved 1105920K
  class space    used 5942K, committed 6464K, reserved 1048576K
}
Event: 316.911 GC heap before
{Heap before GC invocations=207 (full 132):
 PSYoungGen      total 56832K, used 39936K [0x00000000f5580000, 0x00000000f9e80000, 0x0000000100000000)
  eden space 39936K, 100% used [0x00000000f5580000,0x00000000f7c80000,0x00000000f7c80000)
  from space 16896K, 0% used [0x00000000f7c80000,0x00000000f7c80000,0x00000000f8d00000)
  to   space 14336K, 0% used [0x00000000f8e00000,0x00000000f8e00000,0x00000000f9c00000)
 ParOldGen       total 349696K, used 349695K [0x00000000e0000000, 0x00000000f5580000, 0x00000000f5580000)
  object space 349696K, 99% used [0x00000000e0000000,0x00000000f557ff60,0x00000000f5580000)
 Metaspace       used 60389K, committed 61632K, reserved 1105920K
  class space    used 5942K, committed 6464K, reserved 1048576K
}
Event: 321.437 GC heap after
{Heap after GC invocations=207 (full 132):
 PSYoungGen      total 54272K, used 39935K [0x00000000f5580000, 0x00000000f9e80000, 0x0000000100000000)
  eden space 39936K, 99% used [0x00000000f5580000,0x00000000f7c7fef8,0x00000000f7c80000)
  from space 14336K, 0% used [0x00000000f8e00000,0x00000000f8e00000,0x00000000f9c00000)
  to   space 16896K, 0% used [0x00000000f7c80000,0x00000000f7c80000,0x00000000f8d00000)
 ParOldGen       total 349696K, used 349695K [0x00000000e0000000, 0x00000000f5580000, 0x00000000f5580000)
  object space 349696K, 99% used [0x00000000e0000000,0x00000000f557fcd8,0x00000000f5580000)
 Metaspace       used 60389K, committed 61632K, reserved 1105920K
  class space    used 5942K, committed 6464K, reserved 1048576K
}
Event: 321.443 GC heap before
{Heap before GC invocations=208 (full 133):
 PSYoungGen      total 54272K, used 39935K [0x00000000f5580000, 0x00000000f9e80000, 0x0000000100000000)
  eden space 39936K, 99% used [0x00000000f5580000,0x00000000f7c7ffd0,0x00000000f7c80000)
  from space 14336K, 0% used [0x00000000f8e00000,0x00000000f8e00000,0x00000000f9c00000)
  to   space 16896K, 0% used [0x00000000f7c80000,0x00000000f7c80000,0x00000000f8d00000)
 ParOldGen       total 349696K, used 349695K [0x00000000e0000000, 0x00000000f5580000, 0x00000000f5580000)
  object space 349696K, 99% used [0x00000000e0000000,0x00000000f557fcd8,0x00000000f5580000)
 Metaspace       used 60389K, committed 61632K, reserved 1105920K
  class space    used 5942K, committed 6464K, reserved 1048576K
}
Event: 325.866 GC heap after
{Heap after GC invocations=208 (full 133):
 PSYoungGen      total 56832K, used 39935K [0x00000000f5580000, 0x00000000f9e80000, 0x0000000100000000)
  eden space 39936K, 99% used [0x00000000f5580000,0x00000000f7c7ff60,0x00000000f7c80000)
  from space 16896K, 0% used [0x00000000f7c80000,0x00000000f7c80000,0x00000000f8d00000)
  to   space 14336K, 0% used [0x00000000f8e00000,0x00000000f8e00000,0x00000000f9c00000)
 ParOldGen       total 349696K, used 349694K [0x00000000e0000000, 0x00000000f5580000, 0x00000000f5580000)
  object space 349696K, 99% used [0x00000000e0000000,0x00000000f557fbf0,0x00000000f5580000)
 Metaspace       used 60389K, committed 61632K, reserved 1105920K
  class space    used 5942K, committed 6464K, reserved 1048576K
}
Event: 325.872 GC heap before
{Heap before GC invocations=209 (full 134):
 PSYoungGen      total 56832K, used 39935K [0x00000000f5580000, 0x00000000f9e80000, 0x0000000100000000)
  eden space 39936K, 99% used [0x00000000f5580000,0x00000000f7c7ff98,0x00000000f7c80000)
  from space 16896K, 0% used [0x00000000f7c80000,0x00000000f7c80000,0x00000000f8d00000)
  to   space 14336K, 0% used [0x00000000f8e00000,0x00000000f8e00000,0x00000000f9c00000)
 ParOldGen       total 349696K, used 349694K [0x00000000e0000000, 0x00000000f5580000, 0x00000000f5580000)
  object space 349696K, 99% used [0x00000000e0000000,0x00000000f557fbf0,0x00000000f5580000)
 Metaspace       used 60389K, committed 61632K, reserved 1105920K
  class space    used 5942K, committed 6464K, reserved 1048576K
}
Event: 329.399 GC heap after
{Heap after GC invocations=209 (full 134):
 PSYoungGen      total 54272K, used 39935K [0x00000000f5580000, 0x00000000f9e80000, 0x0000000100000000)
  eden space 39936K, 99% used [0x00000000f5580000,0x00000000f7c7ff78,0x00000000f7c80000)
  from space 14336K, 0% used [0x00000000f8e00000,0x00000000f8e00000,0x00000000f9c00000)
  to   space 16896K, 0% used [0x00000000f7c80000,0x00000000f7c80000,0x00000000f8d00000)
 ParOldGen       total 349696K, used 349694K [0x00000000e0000000, 0x00000000f5580000, 0x00000000f5580000)
  object space 349696K, 99% used [0x00000000e0000000,0x00000000f557fbf0,0x00000000f5580000)
 Metaspace       used 60389K, committed 61632K, reserved 1105920K
  class space    used 5942K, committed 6464K, reserved 1048576K
}
Event: 329.404 GC heap before
{Heap before GC invocations=210 (full 135):
 PSYoungGen      total 54272K, used 39935K [0x00000000f5580000, 0x00000000f9e80000, 0x0000000100000000)
  eden space 39936K, 99% used [0x00000000f5580000,0x00000000f7c7ffe8,0x00000000f7c80000)
  from space 14336K, 0% used [0x00000000f8e00000,0x00000000f8e00000,0x00000000f9c00000)
  to   space 16896K, 0% used [0x00000000f7c80000,0x00000000f7c80000,0x00000000f8d00000)
 ParOldGen       total 349696K, used 349694K [0x00000000e0000000, 0x00000000f5580000, 0x00000000f5580000)
  object space 349696K, 99% used [0x00000000e0000000,0x00000000f557fbf0,0x00000000f5580000)
 Metaspace       used 60389K, committed 61632K, reserved 1105920K
  class space    used 5942K, committed 6464K, reserved 1048576K
}
Event: 334.248 GC heap after
{Heap after GC invocations=210 (full 135):
 PSYoungGen      total 56832K, used 39935K [0x00000000f5580000, 0x00000000f9e80000, 0x0000000100000000)
  eden space 39936K, 99% used [0x00000000f5580000,0x00000000f7c7ff90,0x00000000f7c80000)
  from space 16896K, 0% used [0x00000000f7c80000,0x00000000f7c80000,0x00000000f8d00000)
  to   space 14336K, 0% used [0x00000000f8e00000,0x00000000f8e00000,0x00000000f9c00000)
 ParOldGen       total 349696K, used 349694K [0x00000000e0000000, 0x00000000f5580000, 0x00000000f5580000)
  object space 349696K, 99% used [0x00000000e0000000,0x00000000f557fbf0,0x00000000f5580000)
 Metaspace       used 60389K, committed 61632K, reserved 1105920K
  class space    used 5942K, committed 6464K, reserved 1048576K
}
Event: 334.296 GC heap before
{Heap before GC invocations=211 (full 136):
 PSYoungGen      total 56832K, used 39936K [0x00000000f5580000, 0x00000000f9e80000, 0x0000000100000000)
  eden space 39936K, 100% used [0x00000000f5580000,0x00000000f7c80000,0x00000000f7c80000)
  from space 16896K, 0% used [0x00000000f7c80000,0x00000000f7c80000,0x00000000f8d00000)
  to   space 14336K, 0% used [0x00000000f8e00000,0x00000000f8e00000,0x00000000f9c00000)
 ParOldGen       total 349696K, used 349695K [0x00000000e0000000, 0x00000000f5580000, 0x00000000f5580000)
  object space 349696K, 99% used [0x00000000e0000000,0x00000000f557ffb8,0x00000000f5580000)
 Metaspace       used 60389K, committed 61632K, reserved 1105920K
  class space    used 5942K, committed 6464K, reserved 1048576K
}
Event: 336.448 GC heap after
{Heap after GC invocations=211 (full 136):
 PSYoungGen      total 54272K, used 39935K [0x00000000f5580000, 0x00000000f9e80000, 0x0000000100000000)
  eden space 39936K, 99% used [0x00000000f5580000,0x00000000f7c7fcf0,0x00000000f7c80000)
  from space 14336K, 0% used [0x00000000f8e00000,0x00000000f8e00000,0x00000000f9c00000)
  to   space 16896K, 0% used [0x00000000f7c80000,0x00000000f7c80000,0x00000000f8d00000)
 ParOldGen       total 349696K, used 349694K [0x00000000e0000000, 0x00000000f5580000, 0x00000000f5580000)
  object space 349696K, 99% used [0x00000000e0000000,0x00000000f557fbf0,0x00000000f5580000)
 Metaspace       used 60389K, committed 61632K, reserved 1105920K
  class space    used 5942K, committed 6464K, reserved 1048576K
}
Event: 336.448 GC heap before
{Heap before GC invocations=212 (full 137):
 PSYoungGen      total 54272K, used 39935K [0x00000000f5580000, 0x00000000f9e80000, 0x0000000100000000)
  eden space 39936K, 99% used [0x00000000f5580000,0x00000000f7c7fcf0,0x00000000f7c80000)
  from space 14336K, 0% used [0x00000000f8e00000,0x00000000f8e00000,0x00000000f9c00000)
  to   space 16896K, 0% used [0x00000000f7c80000,0x00000000f7c80000,0x00000000f8d00000)
 ParOldGen       total 349696K, used 349694K [0x00000000e0000000, 0x00000000f5580000, 0x00000000f5580000)
  object space 349696K, 99% used [0x00000000e0000000,0x00000000f557fbf0,0x00000000f5580000)
 Metaspace       used 60389K, committed 61632K, reserved 1105920K
  class space    used 5942K, committed 6464K, reserved 1048576K
}
Event: 338.108 GC heap after
{Heap after GC invocations=212 (full 137):
 PSYoungGen      total 56832K, used 39935K [0x00000000f5580000, 0x00000000f9e80000, 0x0000000100000000)
  eden space 39936K, 99% used [0x00000000f5580000,0x00000000f7c7fcf0,0x00000000f7c80000)
  from space 16896K, 0% used [0x00000000f7c80000,0x00000000f7c80000,0x00000000f8d00000)
  to   space 14336K, 0% used [0x00000000f8e00000,0x00000000f8e00000,0x00000000f9c00000)
 ParOldGen       total 349696K, used 349694K [0x00000000e0000000, 0x00000000f5580000, 0x00000000f5580000)
  object space 349696K, 99% used [0x00000000e0000000,0x00000000f557fbf0,0x00000000f5580000)
 Metaspace       used 60389K, committed 61632K, reserved 1105920K
  class space    used 5942K, committed 6464K, reserved 1048576K
}

